2026-05-05 19:31:33,119 - paysentinel - INFO - [sample_data:455] - [SAMPLE-DATA] merchant=Test Shop, ip=127.0.0.1
2026-05-05 19:31:33,173 - paysentinel - DEBUG - [sample_data:459] - [SAMPLE-DATA] Generated 1 sample transactions
2026-05-05 19:31:33,184 - paysentinel - INFO - [sample_data:455] - [SAMPLE-DATA] merchant=My UPI Store, ip=127.0.0.1
2026-05-05 19:31:33,190 - paysentinel - DEBUG - [sample_data:459] - [SAMPLE-DATA] Generated 1 sample transactions
2026-05-05 19:31:33,194 - paysentinel - INFO - [analyze:484] - [ANALYZE] START - merchant=Shop X, sensitivity=5%, language=English, ip=127.0.0.1
2026-05-05 19:31:33,204 - paysentinel - DEBUG - [analyze:487] - [ANALYZE] Data loaded - source=sample, rows=1
2026-05-05 19:31:33,205 - paysentinel - INFO - [_run_analysis:378] - Training new detector for Shop X, contamination=0.05
2026-05-05 19:31:33,205 - paysentinel - DEBUG - [_save_detector_cache:169] - Skipping detector cache save during tests: Shop X, contamination=0.05
2026-05-05 19:31:33,257 - paysentinel - INFO - [analyze:493] - [ANALYZE] SUCCESS - merchant=Shop X, rows=1, time=0.06s, ip=127.0.0.1
2026-05-05 19:31:33,263 - paysentinel - INFO - [analyze:484] - [ANALYZE] START - merchant=Premium Store, sensitivity=8%, language=Kannada, ip=127.0.0.1
2026-05-05 19:31:33,268 - paysentinel - DEBUG - [analyze:487] - [ANALYZE] Data loaded - source=sample, rows=1
2026-05-05 19:31:33,269 - paysentinel - INFO - [_run_analysis:378] - Training new detector for Premium Store, contamination=0.08
2026-05-05 19:31:33,269 - paysentinel - DEBUG - [_save_detector_cache:169] - Skipping detector cache save during tests: Premium Store, contamination=0.08
2026-05-05 19:31:33,280 - paysentinel - INFO - [analyze:493] - [ANALYZE] SUCCESS - merchant=Premium Store, rows=1, time=0.02s, ip=127.0.0.1
2026-05-05 19:31:33,284 - paysentinel - INFO - [analyze:484] - [ANALYZE] START - merchant=Shop X, sensitivity=5%, language=English, ip=127.0.0.1
2026-05-05 19:31:33,285 - paysentinel - DEBUG - [analyze:487] - [ANALYZE] Data loaded - source=sample, rows=0
2026-05-05 19:31:33,285 - paysentinel - ERROR - [analyze:498] - [ANALYZE] ERROR - No transaction rows were provided. Upload a CSV or load sample data first., time=0.00s, ip=127.0.0.1
Traceback (most recent call last):
  File "C:\Pay_Sentinel-main\app.py", line 489, in analyze
    payload, _, _ = _run_analysis(df, merchant_name, sensitivity, language)
                    ~~~~~~~~~~~~~^^^^^^^^^^^^^^^^^^^^^^^^^^^^^^^^^^^^^^^^^^
  File "C:\Pay_Sentinel-main\app.py", line 369, in _run_analysis
    raise ValueError("No transaction rows were provided. Upload a CSV or load sample data first.")
ValueError: No transaction rows were provided. Upload a CSV or load sample data first.
2026-05-05 19:31:33,379 - paysentinel - INFO - [analyze:484] - [ANALYZE] START - merchant=File Upload Test, sensitivity=5%, language=English, ip=127.0.0.1
2026-05-05 19:31:33,384 - paysentinel - INFO - [_read_dataframe_from_request:283] - Uploaded file: test.csv, rows: 1
2026-05-05 19:31:33,389 - paysentinel - DEBUG - [analyze:487] - [ANALYZE] Data loaded - source=test.csv, rows=1
2026-05-05 19:31:33,389 - paysentinel - INFO - [_run_analysis:378] - Training new detector for File Upload Test, contamination=0.05
2026-05-05 19:31:33,389 - paysentinel - DEBUG - [_save_detector_cache:169] - Skipping detector cache save during tests: File Upload Test, contamination=0.05
2026-05-05 19:31:33,403 - paysentinel - INFO - [analyze:493] - [ANALYZE] SUCCESS - merchant=File Upload Test, rows=1, time=0.03s, ip=127.0.0.1
2026-05-05 19:31:33,467 - paysentinel - ERROR - [analyze:498] - [ANALYZE] ERROR - 413 Request Entity Too Large: The data value transmitted exceeds the capacity limit., time=0.00s, ip=127.0.0.1
Traceback (most recent call last):
  File "C:\Pay_Sentinel-main\app.py", line 480, in analyze
    merchant_name = _request_value("merchant_name", "My UPI Store")
  File "C:\Pay_Sentinel-main\app.py", line 257, in _request_value
    payload = _request_payload()
  File "C:\Pay_Sentinel-main\app.py", line 253, in _request_payload
    return request.form.to_dict(flat=True)
           ^^^^^^^^^^^^
  File "C:\Users\YASHASHWINI\AppData\Local\Python\pythoncore-3.14-64\Lib\site-packages\werkzeug\utils.py", line 100, in __get__
    value = self.fget(obj)  # type: ignore
  File "C:\Users\YASHASHWINI\AppData\Local\Python\pythoncore-3.14-64\Lib\site-packages\werkzeug\wrappers\request.py", line 445, in form
    self._load_form_data()
    ~~~~~~~~~~~~~~~~~~~~^^
  File "C:\Users\YASHASHWINI\AppData\Local\Python\pythoncore-3.14-64\Lib\site-packages\flask\wrappers.py", line 114, in _load_form_data
    super()._load_form_data()
    ~~~~~~~~~~~~~~~~~~~~~~~^^
  File "C:\Users\YASHASHWINI\AppData\Local\Python\pythoncore-3.14-64\Lib\site-packages\werkzeug\wrappers\request.py", line 272, in _load_form_data
    self._get_stream_for_parsing(),
    ~~~~~~~~~~~~~~~~~~~~~~~~~~~~^^
  File "C:\Users\YASHASHWINI\AppData\Local\Python\pythoncore-3.14-64\Lib\site-packages\werkzeug\wrappers\request.py", line 299, in _get_stream_for_parsing
    return self.stream
           ^^^^^^^^^^^
  File "C:\Users\YASHASHWINI\AppData\Local\Python\pythoncore-3.14-64\Lib\site-packages\werkzeug\utils.py", line 100, in __get__
    value = self.fget(obj)  # type: ignore
  File "C:\Users\YASHASHWINI\AppData\Local\Python\pythoncore-3.14-64\Lib\site-packages\werkzeug\wrappers\request.py", line 351, in stream
    return get_input_stream(
        self.environ, max_content_length=self.max_content_length
    )
  File "C:\Users\YASHASHWINI\AppData\Local\Python\pythoncore-3.14-64\Lib\site-packages\werkzeug\wsgi.py", line 173, in get_input_stream
    raise RequestEntityTooLarge()
werkzeug.exceptions.RequestEntityTooLarge: 413 Request Entity Too Large: The data value transmitted exceeds the capacity limit.
2026-05-05 19:31:33,537 - paysentinel - INFO - [analyze:484] - [ANALYZE] START - merchant=Invalid File Test, sensitivity=5%, language=English, ip=127.0.0.1
2026-05-05 19:31:33,537 - paysentinel - ERROR - [analyze:498] - [ANALYZE] ERROR - File validation failed: Invalid file type. Only CSV files are accepted., time=0.00s, ip=127.0.0.1
Traceback (most recent call last):
  File "C:\Pay_Sentinel-main\app.py", line 486, in analyze
    df, source = _read_dataframe_from_request()
                 ~~~~~~~~~~~~~~~~~~~~~~~~~~~~^^
  File "C:\Pay_Sentinel-main\app.py", line 280, in _read_dataframe_from_request
    raise ValueError(f"File validation failed: {error_msg}")
ValueError: File validation failed: Invalid file type. Only CSV files are accepted.
2026-05-05 19:31:33,542 - paysentinel - INFO - [analyze:484] - [ANALYZE] START - merchant=My UPI Store, sensitivity=5%, language=English, ip=127.0.0.1
2026-05-05 19:31:33,543 - paysentinel - DEBUG - [analyze:487] - [ANALYZE] Data loaded - source=sample, rows=0
2026-05-05 19:31:33,543 - paysentinel - ERROR - [analyze:498] - [ANALYZE] ERROR - No transaction rows were provided. Upload a CSV or load sample data first., time=0.00s, ip=127.0.0.1
Traceback (most recent call last):
  File "C:\Pay_Sentinel-main\app.py", line 489, in analyze
    payload, _, _ = _run_analysis(df, merchant_name, sensitivity, language)
                    ~~~~~~~~~~~~~^^^^^^^^^^^^^^^^^^^^^^^^^^^^^^^^^^^^^^^^^^
  File "C:\Pay_Sentinel-main\app.py", line 369, in _run_analysis
    raise ValueError("No transaction rows were provided. Upload a CSV or load sample data first.")
ValueError: No transaction rows were provided. Upload a CSV or load sample data first.
2026-05-05 19:31:33,548 - paysentinel - INFO - [analyze:484] - [ANALYZE] START - merchant=Field Test Shop, sensitivity=5%, language=English, ip=127.0.0.1
2026-05-05 19:31:33,555 - paysentinel - DEBUG - [analyze:487] - [ANALYZE] Data loaded - source=sample, rows=1
2026-05-05 19:31:33,555 - paysentinel - INFO - [_run_analysis:378] - Training new detector for Field Test Shop, contamination=0.05
2026-05-05 19:31:33,556 - paysentinel - DEBUG - [_save_detector_cache:169] - Skipping detector cache save during tests: Field Test Shop, contamination=0.05
2026-05-05 19:31:33,568 - paysentinel - INFO - [analyze:493] - [ANALYZE] SUCCESS - merchant=Field Test Shop, rows=1, time=0.02s, ip=127.0.0.1
2026-05-05 19:31:33,572 - paysentinel - INFO - [report:512] - [REPORT] START - merchant=Report Test Shop, sensitivity=5%, language=English, ip=127.0.0.1
2026-05-05 19:31:33,577 - paysentinel - DEBUG - [report:515] - [REPORT] Data loaded - rows=1
2026-05-05 19:31:33,577 - paysentinel - INFO - [_run_analysis:378] - Training new detector for Report Test Shop, contamination=0.05
2026-05-05 19:31:33,578 - paysentinel - DEBUG - [_save_detector_cache:169] - Skipping detector cache save during tests: Report Test Shop, contamination=0.05
2026-05-05 19:31:33,599 - paysentinel - INFO - [report:522] - [REPORT] SUCCESS - merchant=Report Test Shop, rows=1, pdf_size=3 bytes, time=0.03s, ip=127.0.0.1
2026-05-05 19:31:33,605 - paysentinel - INFO - [report:512] - [REPORT] START - merchant=Test Merchant Store, sensitivity=5%, language=English, ip=127.0.0.1
2026-05-05 19:31:33,614 - paysentinel - DEBUG - [report:515] - [REPORT] Data loaded - rows=1
2026-05-05 19:31:33,615 - paysentinel - INFO - [_run_analysis:378] - Training new detector for Test Merchant Store, contamination=0.05
2026-05-05 19:31:33,615 - paysentinel - DEBUG - [_save_detector_cache:169] - Skipping detector cache save during tests: Test Merchant Store, contamination=0.05
2026-05-05 19:31:33,650 - paysentinel - INFO - [report:522] - [REPORT] SUCCESS - merchant=Test Merchant Store, rows=1, pdf_size=3 bytes, time=0.05s, ip=127.0.0.1
2026-05-05 19:31:33,655 - paysentinel - INFO - [report:512] - [REPORT] START - merchant=Empty Report, sensitivity=5%, language=English, ip=127.0.0.1
2026-05-05 19:31:33,656 - paysentinel - DEBUG - [report:515] - [REPORT] Data loaded - rows=0
2026-05-05 19:31:33,656 - paysentinel - ERROR - [report:532] - [REPORT] ERROR - No transaction rows were provided. Upload a CSV or load sample data first., time=0.00s, ip=127.0.0.1
Traceback (most recent call last):
  File "C:\Pay_Sentinel-main\app.py", line 517, in report
    payload, detector, results = _run_analysis(df, merchant_name, sensitivity, language)
                                 ~~~~~~~~~~~~~^^^^^^^^^^^^^^^^^^^^^^^^^^^^^^^^^^^^^^^^^^
  File "C:\Pay_Sentinel-main\app.py", line 369, in _run_analysis
    raise ValueError("No transaction rows were provided. Upload a CSV or load sample data first.")
ValueError: No transaction rows were provided. Upload a CSV or load sample data first.
2026-05-05 19:31:33,661 - paysentinel - INFO - [report:512] - [REPORT] START - merchant=Report Merchant, sensitivity=10%, language=Hindi, ip=127.0.0.1
2026-05-05 19:31:33,667 - paysentinel - DEBUG - [report:515] - [REPORT] Data loaded - rows=1
2026-05-05 19:31:33,668 - paysentinel - INFO - [_run_analysis:378] - Training new detector for Report Merchant, contamination=0.1
2026-05-05 19:31:33,668 - paysentinel - DEBUG - [_save_detector_cache:169] - Skipping detector cache save during tests: Report Merchant, contamination=0.1
2026-05-05 19:31:33,683 - paysentinel - INFO - [report:522] - [REPORT] SUCCESS - merchant=Report Merchant, rows=1, pdf_size=3 bytes, time=0.02s, ip=127.0.0.1
2026-05-05 19:31:33,696 - paysentinel - INFO - [analyze:484] - [ANALYZE] START - merchant=Bad CSV Test, sensitivity=5%, language=English, ip=127.0.0.1
2026-05-05 19:31:33,697 - paysentinel - INFO - [_read_dataframe_from_request:283] - Uploaded file: bad.csv, rows: 0
2026-05-05 19:31:33,698 - paysentinel - ERROR - [_read_dataframe_from_request:286] - Failed to parse CSV file: CSV must include an 'amount' column.
2026-05-05 19:31:33,698 - paysentinel - ERROR - [analyze:498] - [ANALYZE] ERROR - Failed to parse CSV file: CSV must include an 'amount' column., time=0.00s, ip=127.0.0.1
Traceback (most recent call last):
  File "C:\Pay_Sentinel-main\app.py", line 284, in _read_dataframe_from_request
    return _normalize_input_dataframe(df), uploaded.filename
           ~~~~~~~~~~~~~~~~~~~~~~~~~~^^^^
  File "C:\Pay_Sentinel-main\app.py", line 227, in _normalize_input_dataframe
    raise ValueError("CSV must include an 'amount' column.")
ValueError: CSV must include an 'amount' column.

During handling of the above exception, another exception occurred:

Traceback (most recent call last):
  File "C:\Pay_Sentinel-main\app.py", line 486, in analyze
    df, source = _read_dataframe_from_request()
                 ~~~~~~~~~~~~~~~~~~~~~~~~~~~~^^
  File "C:\Pay_Sentinel-main\app.py", line 287, in _read_dataframe_from_request
    raise ValueError(f"Failed to parse CSV file: {str(e)}")
ValueError: Failed to parse CSV file: CSV must include an 'amount' column.
2026-05-05 19:31:33,703 - paysentinel - INFO - [analyze:484] - [ANALYZE] START - merchant=Missing Amount Test, sensitivity=5%, language=English, ip=127.0.0.1
2026-05-05 19:31:33,705 - paysentinel - INFO - [_read_dataframe_from_request:283] - Uploaded file: no_amount.csv, rows: 1
2026-05-05 19:31:33,705 - paysentinel - ERROR - [_read_dataframe_from_request:286] - Failed to parse CSV file: CSV must include an 'amount' column.
2026-05-05 19:31:33,706 - paysentinel - ERROR - [analyze:498] - [ANALYZE] ERROR - Failed to parse CSV file: CSV must include an 'amount' column., time=0.00s, ip=127.0.0.1
Traceback (most recent call last):
  File "C:\Pay_Sentinel-main\app.py", line 284, in _read_dataframe_from_request
    return _normalize_input_dataframe(df), uploaded.filename
           ~~~~~~~~~~~~~~~~~~~~~~~~~~^^^^
  File "C:\Pay_Sentinel-main\app.py", line 227, in _normalize_input_dataframe
    raise ValueError("CSV must include an 'amount' column.")
ValueError: CSV must include an 'amount' column.

During handling of the above exception, another exception occurred:

Traceback (most recent call last):
  File "C:\Pay_Sentinel-main\app.py", line 486, in analyze
    df, source = _read_dataframe_from_request()
                 ~~~~~~~~~~~~~~~~~~~~~~~~~~~~^^
  File "C:\Pay_Sentinel-main\app.py", line 287, in _read_dataframe_from_request
    raise ValueError(f"Failed to parse CSV file: {str(e)}")
ValueError: Failed to parse CSV file: CSV must include an 'amount' column.
2026-05-05 19:31:33,712 - paysentinel - INFO - [sample_data:455] - [SAMPLE-DATA] merchant=My UPI Store, ip=127.0.0.1
2026-05-05 19:31:33,717 - paysentinel - DEBUG - [sample_data:459] - [SAMPLE-DATA] Generated 1 sample transactions
2026-05-05 19:31:33,720 - paysentinel - INFO - [analyze:484] - [ANALYZE] START - merchant=Sensitivity Test, sensitivity=15%, language=English, ip=127.0.0.1
2026-05-05 19:31:33,725 - paysentinel - DEBUG - [analyze:487] - [ANALYZE] Data loaded - source=sample, rows=1
2026-05-05 19:31:33,725 - paysentinel - INFO - [_run_analysis:378] - Training new detector for Sensitivity Test, contamination=0.15
2026-05-05 19:31:33,725 - paysentinel - DEBUG - [_save_detector_cache:169] - Skipping detector cache save during tests: Sensitivity Test, contamination=0.15
2026-05-05 19:31:33,739 - paysentinel - INFO - [analyze:493] - [ANALYZE] SUCCESS - merchant=Sensitivity Test, rows=1, time=0.02s, ip=127.0.0.1
2026-05-05 19:31:33,742 - paysentinel - INFO - [analyze:484] - [ANALYZE] START - merchant=Sensitivity Test, sensitivity=10, language=English, ip=127.0.0.1
2026-05-05 19:31:33,752 - paysentinel - DEBUG - [analyze:487] - [ANALYZE] Data loaded - source=sample, rows=1
2026-05-05 19:31:33,753 - paysentinel - INFO - [_run_analysis:378] - Training new detector for Sensitivity Test, contamination=0.1
2026-05-05 19:31:33,754 - paysentinel - DEBUG - [_save_detector_cache:169] - Skipping detector cache save during tests: Sensitivity Test, contamination=0.1
2026-05-05 19:31:33,782 - paysentinel - INFO - [analyze:493] - [ANALYZE] SUCCESS - merchant=Sensitivity Test, rows=1, time=0.04s, ip=127.0.0.1
2026-05-06 21:12:30,250 - paysentinel.peer_comparison - INFO - [find_similar_merchants:88] - Found 1 similar merchants for Bangalore kirana
2026-05-06 21:12:30,254 - paysentinel.peer_comparison - INFO - [compare_metric:153] - fraud_risk_pct: You=1.2, Peers: median=0.8, mean=0.8, better_than=0%
2026-05-06 21:12:30,254 - paysentinel.peer_comparison - INFO - [compare_metric:153] - false_positive_rate: You=0.9, Peers: median=1.9, mean=1.9, better_than=100%
2026-05-06 21:12:30,255 - paysentinel.peer_comparison - INFO - [compare_metric:153] - resilience_score: You=70.0, Peers: median=46.0, mean=46.0, better_than=100%
2026-05-06 21:12:30,259 - paysentinel.peer_comparison - INFO - [find_similar_merchants:88] - Found 0 similar merchants for Mumbai restaurant
2026-05-06 21:12:30,259 - paysentinel.peer_comparison - WARNING - [get_peer_report:185] - No peer data available for Mumbai restaurant
2026-05-06 21:12:30,271 - paysentinel.training - INFO - [check_answer:356] - Training check: velocity_attack, answer=2, correct=True, points=20
2026-05-06 21:12:45,816 - paysentinel - ERROR - [resilience_score_endpoint:616] - [RESILIENCE] ERROR - 'fraud_flag'
Traceback (most recent call last):
  File "C:\Users\YASHASHWINI\AppData\Local\Python\pythoncore-3.14-64\Lib\site-packages\pandas\core\indexes\base.py", line 3812, in get_loc
    return self._engine.get_loc(casted_key)
           ~~~~~~~~~~~~~~~~~~~~^^^^^^^^^^^^
  File "pandas/_libs/index.pyx", line 167, in pandas._libs.index.IndexEngine.get_loc
  File "pandas/_libs/index.pyx", line 196, in pandas._libs.index.IndexEngine.get_loc
  File "pandas/_libs/hashtable_class_helper.pxi", line 7088, in pandas._libs.hashtable.PyObjectHashTable.get_item
  File "pandas/_libs/hashtable_class_helper.pxi", line 7096, in pandas._libs.hashtable.PyObjectHashTable.get_item
KeyError: 'fraud_flag'

The above exception was the direct cause of the following exception:

Traceback (most recent call last):
  File "C:\Pay_Sentinel-main\app.py", line 575, in resilience_score_endpoint
    metrics = ResilienceCalculator.from_dataframe(df)
  File "C:\Pay_Sentinel-main\resilience_score.py", line 231, in from_dataframe
    fraud_caught = int((df[fraud_column] == 1).sum())
                        ~~^^^^^^^^^^^^^^
  File "C:\Users\YASHASHWINI\AppData\Local\Python\pythoncore-3.14-64\Lib\site-packages\pandas\core\frame.py", line 4113, in __getitem__
    indexer = self.columns.get_loc(key)
  File "C:\Users\YASHASHWINI\AppData\Local\Python\pythoncore-3.14-64\Lib\site-packages\pandas\core\indexes\base.py", line 3819, in get_loc
    raise KeyError(key) from err
KeyError: 'fraud_flag'
2026-05-06 21:12:45,999 - paysentinel.peer_comparison - INFO - [find_similar_merchants:88] - Found 0 similar merchants for Bangalore kirana
2026-05-06 21:12:45,999 - paysentinel.peer_comparison - WARNING - [get_peer_report:185] - No peer data available for Bangalore kirana
2026-05-06 21:12:46,000 - paysentinel - ERROR - [peer_comparison_endpoint:694] - [PEER-COMP] ERROR - Unknown format code 'f' for object of type 'str'
Traceback (most recent call last):
  File "C:\Pay_Sentinel-main\app.py", line 665, in peer_comparison_endpoint
    f"percentile={report.get('fraud_risk').your_percentile if 'fraud_risk' in report else 'N/A':.0f}%"
                 ^^^^^^^^^^^^^^^^^^^^^^^^^^^^^^^^^^^^^^^^^^^^^^^^^^^^^^^^^^^^^^^^^^^^^^^^^^^^^^^^^^^
ValueError: Unknown format code 'f' for object of type 'str'
2026-05-06 21:12:46,012 - paysentinel - INFO - [training_scenarios_endpoint:715] - [TRAINING] Retrieved 5 scenarios
2026-05-06 21:12:46,020 - paysentinel.training - INFO - [check_answer:356] - Training check: velocity_attack, answer=2, correct=True, points=20
2026-05-06 21:12:46,020 - paysentinel - INFO - [training_check_answer_endpoint:758] - [TRAINING] test_001 - scenario=velocity_attack, correct=True, points=20
2026-05-06 21:17:34,862 - paysentinel.peer_comparison - INFO - [find_similar_merchants:88] - Found 3 similar merchants for Bangalore kirana
2026-05-06 21:17:34,864 - paysentinel.peer_comparison - INFO - [compare_metric:153] - fraud_risk_pct: You=1.2, Peers: median=2.3, mean=2.0, better_than=67%
2026-05-06 21:17:34,864 - paysentinel.peer_comparison - INFO - [compare_metric:153] - false_positive_rate: You=0.9, Peers: median=0.7, mean=0.8, better_than=33%
2026-05-06 21:17:34,864 - paysentinel.peer_comparison - INFO - [compare_metric:153] - resilience_score: You=70.0, Peers: median=67.0, mean=66.0, better_than=67%
2026-05-06 21:17:34,869 - paysentinel.peer_comparison - INFO - [find_similar_merchants:88] - Found 0 similar merchants for Mumbai restaurant
2026-05-06 21:17:34,870 - paysentinel.peer_comparison - WARNING - [get_peer_report:185] - No peer data available for Mumbai restaurant
2026-05-06 21:17:34,887 - paysentinel.training - INFO - [check_answer:356] - Training check: velocity_attack, answer=2, correct=True, points=20
2026-05-06 21:17:34,962 - paysentinel - ERROR - [resilience_score_endpoint:616] - [RESILIENCE] ERROR - 'fraud_flag'
Traceback (most recent call last):
  File "C:\Users\YASHASHWINI\AppData\Local\Python\pythoncore-3.14-64\Lib\site-packages\pandas\core\indexes\base.py", line 3812, in get_loc
    return self._engine.get_loc(casted_key)
           ~~~~~~~~~~~~~~~~~~~~^^^^^^^^^^^^
  File "pandas/_libs/index.pyx", line 167, in pandas._libs.index.IndexEngine.get_loc
  File "pandas/_libs/index.pyx", line 196, in pandas._libs.index.IndexEngine.get_loc
  File "pandas/_libs/hashtable_class_helper.pxi", line 7088, in pandas._libs.hashtable.PyObjectHashTable.get_item
  File "pandas/_libs/hashtable_class_helper.pxi", line 7096, in pandas._libs.hashtable.PyObjectHashTable.get_item
KeyError: 'fraud_flag'

The above exception was the direct cause of the following exception:

Traceback (most recent call last):
  File "C:\Pay_Sentinel-main\app.py", line 575, in resilience_score_endpoint
    metrics = ResilienceCalculator.from_dataframe(df)
  File "C:\Pay_Sentinel-main\resilience_score.py", line 231, in from_dataframe
    fraud_caught = int((df[fraud_column] == 1).sum())
                        ~~^^^^^^^^^^^^^^
  File "C:\Users\YASHASHWINI\AppData\Local\Python\pythoncore-3.14-64\Lib\site-packages\pandas\core\frame.py", line 4113, in __getitem__
    indexer = self.columns.get_loc(key)
  File "C:\Users\YASHASHWINI\AppData\Local\Python\pythoncore-3.14-64\Lib\site-packages\pandas\core\indexes\base.py", line 3819, in get_loc
    raise KeyError(key) from err
KeyError: 'fraud_flag'
2026-05-06 21:17:34,998 - paysentinel.peer_comparison - INFO - [find_similar_merchants:88] - Found 0 similar merchants for Bangalore kirana
2026-05-06 21:17:34,999 - paysentinel.peer_comparison - WARNING - [get_peer_report:185] - No peer data available for Bangalore kirana
2026-05-06 21:17:34,999 - paysentinel - ERROR - [peer_comparison_endpoint:694] - [PEER-COMP] ERROR - Unknown format code 'f' for object of type 'str'
Traceback (most recent call last):
  File "C:\Pay_Sentinel-main\app.py", line 665, in peer_comparison_endpoint
    f"percentile={report.get('fraud_risk').your_percentile if 'fraud_risk' in report else 'N/A':.0f}%"
                 ^^^^^^^^^^^^^^^^^^^^^^^^^^^^^^^^^^^^^^^^^^^^^^^^^^^^^^^^^^^^^^^^^^^^^^^^^^^^^^^^^^^
ValueError: Unknown format code 'f' for object of type 'str'
2026-05-06 21:17:35,003 - paysentinel - INFO - [training_scenarios_endpoint:715] - [TRAINING] Retrieved 5 scenarios
2026-05-06 21:17:35,007 - paysentinel.training - INFO - [check_answer:356] - Training check: velocity_attack, answer=2, correct=True, points=20
2026-05-06 21:17:35,007 - paysentinel - INFO - [training_check_answer_endpoint:758] - [TRAINING] test_001 - scenario=velocity_attack, correct=True, points=20
2026-05-06 21:17:35,031 - paysentinel - ERROR - [resilience_score_endpoint:616] - [RESILIENCE] ERROR - 'fraud_flag'
Traceback (most recent call last):
  File "C:\Users\YASHASHWINI\AppData\Local\Python\pythoncore-3.14-64\Lib\site-packages\pandas\core\indexes\base.py", line 3812, in get_loc
    return self._engine.get_loc(casted_key)
           ~~~~~~~~~~~~~~~~~~~~^^^^^^^^^^^^
  File "pandas/_libs/index.pyx", line 167, in pandas._libs.index.IndexEngine.get_loc
  File "pandas/_libs/index.pyx", line 196, in pandas._libs.index.IndexEngine.get_loc
  File "pandas/_libs/hashtable_class_helper.pxi", line 7088, in pandas._libs.hashtable.PyObjectHashTable.get_item
  File "pandas/_libs/hashtable_class_helper.pxi", line 7096, in pandas._libs.hashtable.PyObjectHashTable.get_item
KeyError: 'fraud_flag'

The above exception was the direct cause of the following exception:

Traceback (most recent call last):
  File "C:\Pay_Sentinel-main\app.py", line 575, in resilience_score_endpoint
    metrics = ResilienceCalculator.from_dataframe(df)
  File "C:\Pay_Sentinel-main\resilience_score.py", line 231, in from_dataframe
    fraud_caught = int((df[fraud_column] == 1).sum())
                        ~~^^^^^^^^^^^^^^
  File "C:\Users\YASHASHWINI\AppData\Local\Python\pythoncore-3.14-64\Lib\site-packages\pandas\core\frame.py", line 4113, in __getitem__
    indexer = self.columns.get_loc(key)
  File "C:\Users\YASHASHWINI\AppData\Local\Python\pythoncore-3.14-64\Lib\site-packages\pandas\core\indexes\base.py", line 3819, in get_loc
    raise KeyError(key) from err
KeyError: 'fraud_flag'
2026-05-06 21:17:35,067 - paysentinel.peer_comparison - INFO - [find_similar_merchants:88] - Found 0 similar merchants for NonexistentCity invalid
2026-05-06 21:17:35,068 - paysentinel.peer_comparison - WARNING - [get_peer_report:185] - No peer data available for NonexistentCity invalid
2026-05-06 21:17:35,068 - paysentinel - ERROR - [peer_comparison_endpoint:694] - [PEER-COMP] ERROR - Unknown format code 'f' for object of type 'str'
Traceback (most recent call last):
  File "C:\Pay_Sentinel-main\app.py", line 665, in peer_comparison_endpoint
    f"percentile={report.get('fraud_risk').your_percentile if 'fraud_risk' in report else 'N/A':.0f}%"
                 ^^^^^^^^^^^^^^^^^^^^^^^^^^^^^^^^^^^^^^^^^^^^^^^^^^^^^^^^^^^^^^^^^^^^^^^^^^^^^^^^^^^
ValueError: Unknown format code 'f' for object of type 'str'
2026-05-06 21:17:35,074 - paysentinel.training - ERROR - [check_answer:340] - Scenario not found: invalid_id
